<?xml version="1.0" encoding="UTF-8"?>
<robot generator="Robot 6.1.1 (Python 3.11.5 on win32)" generated="20231010 11:38:12.129" rpa="false" schemaversion="4">
<suite id="s1" name="Casologin" source="C:\xampp\htdocs\MenuUniversitario\robot\casologin.robot">
<test id="s1-t1" name="Cenário de Teste 1: Login com informação correta" line="27">
<kw name="abrir site">
<kw name="Open Browser" library="SeleniumLibrary">
<arg>http://localhost/MenuUniversitario/login.php</arg>
<arg>gc</arg>
<doc>Opens a new browser instance to the optional ``url``.</doc>
<msg timestamp="20231010 11:38:12.270" level="INFO">Opening browser 'gc' to base url 'http://localhost/MenuUniversitario/login.php'.</msg>
<status status="PASS" starttime="20231010 11:38:12.270" endtime="20231010 11:38:14.192"/>
</kw>
<kw name="Maximize Browser Window" library="SeleniumLibrary">
<doc>Maximizes current browser window.</doc>
<status status="PASS" starttime="20231010 11:38:14.192" endtime="20231010 11:38:14.367"/>
</kw>
<status status="PASS" starttime="20231010 11:38:12.270" endtime="20231010 11:38:14.367"/>
</kw>
<kw name="preencher formulário certo">
<kw name="Input Text" library="SeleniumLibrary">
<arg>${email_login}</arg>
<arg>well@gmail.com</arg>
<doc>Types the given ``text`` into the text field identified by ``locator``.</doc>
<msg timestamp="20231010 11:38:14.367" level="INFO">Typing text 'well@gmail.com' into text field 'id:email'.</msg>
<status status="PASS" starttime="20231010 11:38:14.367" endtime="20231010 11:38:14.486"/>
</kw>
<kw name="Input Text" library="SeleniumLibrary">
<arg>${senha_login}</arg>
<arg>A1s2d3f4</arg>
<doc>Types the given ``text`` into the text field identified by ``locator``.</doc>
<msg timestamp="20231010 11:38:14.486" level="INFO">Typing text 'A1s2d3f4' into text field 'id:password'.</msg>
<status status="PASS" starttime="20231010 11:38:14.486" endtime="20231010 11:38:14.559"/>
</kw>
<status status="PASS" starttime="20231010 11:38:14.367" endtime="20231010 11:38:14.559"/>
</kw>
<kw name="enviar dados">
<kw name="Click Button" library="SeleniumLibrary">
<arg>${button_submit}</arg>
<doc>Clicks the button identified by ``locator``.</doc>
<msg timestamp="20231010 11:38:14.566" level="INFO">Clicking button '//button[@type='submit']'.</msg>
<status status="PASS" starttime="20231010 11:38:14.566" endtime="20231010 11:38:14.759"/>
</kw>
<status status="PASS" starttime="20231010 11:38:14.559" endtime="20231010 11:38:14.759"/>
</kw>
<kw name="fechar site">
<kw name="Alert Should Be Present" library="SeleniumLibrary">
<doc>Verifies that an alert is present and by default, accepts it.</doc>
<msg timestamp="20231010 11:38:14.760" level="INFO">HANDLE::&lt;class 'NoneType'&gt;::None</msg>
<status status="PASS" starttime="20231010 11:38:14.760" endtime="20231010 11:38:14.760"/>
</kw>
<kw name="Sleep" library="BuiltIn">
<arg>2s</arg>
<doc>Pauses the test executed for the given time.</doc>
<msg timestamp="20231010 11:38:16.767" level="INFO">Slept 2 seconds</msg>
<status status="PASS" starttime="20231010 11:38:14.760" endtime="20231010 11:38:16.767"/>
</kw>
<kw name="Capture Page Screenshot" library="SeleniumLibrary">
<doc>Takes a screenshot of the current page and embeds it into a log file.</doc>
<msg timestamp="20231010 11:38:16.917" level="INFO" html="true">&lt;/td&gt;&lt;/tr&gt;&lt;tr&gt;&lt;td colspan="3"&gt;&lt;a href="selenium-screenshot-1.png"&gt;&lt;img src="selenium-screenshot-1.png" width="800px"&gt;&lt;/a&gt;</msg>
<status status="PASS" starttime="20231010 11:38:16.767" endtime="20231010 11:38:16.917"/>
</kw>
<kw name="Sleep" library="BuiltIn">
<arg>1s</arg>
<doc>Pauses the test executed for the given time.</doc>
<msg timestamp="20231010 11:38:17.918" level="INFO">Slept 1 second</msg>
<status status="PASS" starttime="20231010 11:38:16.917" endtime="20231010 11:38:17.918"/>
</kw>
<kw name="Close Browser" library="SeleniumLibrary">
<doc>Closes the current browser.</doc>
<status status="PASS" starttime="20231010 11:38:17.918" endtime="20231010 11:38:20.060"/>
</kw>
<status status="PASS" starttime="20231010 11:38:14.760" endtime="20231010 11:38:20.060"/>
</kw>
<status status="PASS" starttime="20231010 11:38:12.270" endtime="20231010 11:38:20.060"/>
</test>
<test id="s1-t2" name="Cenário de Teste 2: Login com informação errada" line="32">
<kw name="abrir site">
<kw name="Open Browser" library="SeleniumLibrary">
<arg>http://localhost/MenuUniversitario/login.php</arg>
<arg>gc</arg>
<doc>Opens a new browser instance to the optional ``url``.</doc>
<msg timestamp="20231010 11:38:20.060" level="INFO">Opening browser 'gc' to base url 'http://localhost/MenuUniversitario/login.php'.</msg>
<status status="PASS" starttime="20231010 11:38:20.060" endtime="20231010 11:38:21.768"/>
</kw>
<kw name="Maximize Browser Window" library="SeleniumLibrary">
<doc>Maximizes current browser window.</doc>
<status status="PASS" starttime="20231010 11:38:21.768" endtime="20231010 11:38:21.890"/>
</kw>
<status status="PASS" starttime="20231010 11:38:20.060" endtime="20231010 11:38:21.890"/>
</kw>
<kw name="preencher formulário errado">
<kw name="Input Text" library="SeleniumLibrary">
<arg>${email_login}</arg>
<arg>well5@gmail.com</arg>
<doc>Types the given ``text`` into the text field identified by ``locator``.</doc>
<msg timestamp="20231010 11:38:21.890" level="INFO">Typing text 'well5@gmail.com' into text field 'id:email'.</msg>
<status status="PASS" starttime="20231010 11:38:21.890" endtime="20231010 11:38:22.041"/>
</kw>
<kw name="Input Text" library="SeleniumLibrary">
<arg>${senha_login}</arg>
<arg>A1s2d3f4.</arg>
<doc>Types the given ``text`` into the text field identified by ``locator``.</doc>
<msg timestamp="20231010 11:38:22.041" level="INFO">Typing text 'A1s2d3f4.' into text field 'id:password'.</msg>
<status status="PASS" starttime="20231010 11:38:22.041" endtime="20231010 11:38:22.121"/>
</kw>
<status status="PASS" starttime="20231010 11:38:21.890" endtime="20231010 11:38:22.121"/>
</kw>
<kw name="enviar dados">
<kw name="Click Button" library="SeleniumLibrary">
<arg>${button_submit}</arg>
<doc>Clicks the button identified by ``locator``.</doc>
<msg timestamp="20231010 11:38:22.121" level="INFO">Clicking button '//button[@type='submit']'.</msg>
<status status="PASS" starttime="20231010 11:38:22.121" endtime="20231010 11:38:22.223"/>
</kw>
<status status="PASS" starttime="20231010 11:38:22.121" endtime="20231010 11:38:22.223"/>
</kw>
<kw name="fechar site">
<kw name="Alert Should Be Present" library="SeleniumLibrary">
<doc>Verifies that an alert is present and by default, accepts it.</doc>
<msg timestamp="20231010 11:38:22.225" level="INFO">HANDLE::&lt;class 'NoneType'&gt;::None</msg>
<status status="PASS" starttime="20231010 11:38:22.225" endtime="20231010 11:38:22.229"/>
</kw>
<kw name="Sleep" library="BuiltIn">
<arg>2s</arg>
<doc>Pauses the test executed for the given time.</doc>
<msg timestamp="20231010 11:38:24.231" level="INFO">Slept 2 seconds</msg>
<status status="PASS" starttime="20231010 11:38:22.230" endtime="20231010 11:38:24.231"/>
</kw>
<kw name="Capture Page Screenshot" library="SeleniumLibrary">
<doc>Takes a screenshot of the current page and embeds it into a log file.</doc>
<msg timestamp="20231010 11:38:24.367" level="INFO" html="true">&lt;/td&gt;&lt;/tr&gt;&lt;tr&gt;&lt;td colspan="3"&gt;&lt;a href="selenium-screenshot-2.png"&gt;&lt;img src="selenium-screenshot-2.png" width="800px"&gt;&lt;/a&gt;</msg>
<status status="PASS" starttime="20231010 11:38:24.231" endtime="20231010 11:38:24.367"/>
</kw>
<kw name="Sleep" library="BuiltIn">
<arg>1s</arg>
<doc>Pauses the test executed for the given time.</doc>
<msg timestamp="20231010 11:38:25.367" level="INFO">Slept 1 second</msg>
<status status="PASS" starttime="20231010 11:38:24.367" endtime="20231010 11:38:25.367"/>
</kw>
<kw name="Close Browser" library="SeleniumLibrary">
<doc>Closes the current browser.</doc>
<status status="PASS" starttime="20231010 11:38:25.367" endtime="20231010 11:38:27.520"/>
</kw>
<status status="PASS" starttime="20231010 11:38:22.225" endtime="20231010 11:38:27.520"/>
</kw>
<status status="PASS" starttime="20231010 11:38:20.060" endtime="20231010 11:38:27.520"/>
</test>
<status status="PASS" starttime="20231010 11:38:12.129" endtime="20231010 11:38:27.520"/>
</suite>
<statistics>
<total>
<stat pass="2" fail="0" skip="0">All Tests</stat>
</total>
<tag>
</tag>
<suite>
<stat pass="2" fail="0" skip="0" id="s1" name="Casologin">Casologin</stat>
</suite>
</statistics>
<errors>
</errors>
</robot>
