<?xml version="1.0" encoding="UTF-8"?>
<robot generator="Robot 6.1.1 (Python 3.11.5 on win32)" generated="20231010 11:37:43.552" rpa="false" schemaversion="4">
<suite id="s1" name="Casocadastro" source="C:\xampp\htdocs\MenuUniversitario\robot\casocadastro.robot">
<test id="s1-t1" name="Cenário de Teste 1: Cadastro com login já existente" line="33">
<kw name="abrir site">
<kw name="Open Browser" library="SeleniumLibrary">
<arg>http://localhost/MenuUniversitario/register.php</arg>
<arg>gc</arg>
<doc>Opens a new browser instance to the optional ``url``.</doc>
<msg timestamp="20231010 11:37:43.687" level="INFO">Opening browser 'gc' to base url 'http://localhost/MenuUniversitario/register.php'.</msg>
<status status="PASS" starttime="20231010 11:37:43.687" endtime="20231010 11:37:45.491"/>
</kw>
<kw name="Maximize Browser Window" library="SeleniumLibrary">
<doc>Maximizes current browser window.</doc>
<status status="PASS" starttime="20231010 11:37:45.491" endtime="20231010 11:37:45.610"/>
</kw>
<status status="PASS" starttime="20231010 11:37:43.687" endtime="20231010 11:37:45.610"/>
</kw>
<kw name="preencher formulário com informação prévia">
<kw name="Input Text" library="SeleniumLibrary">
<arg>${nome_cadastro}</arg>
<arg>Wellington Rato</arg>
<doc>Types the given ``text`` into the text field identified by ``locator``.</doc>
<msg timestamp="20231010 11:37:45.613" level="INFO">Typing text 'Wellington Rato' into text field 'id:nome'.</msg>
<status status="PASS" starttime="20231010 11:37:45.611" endtime="20231010 11:37:45.760"/>
</kw>
<kw name="Input Text" library="SeleniumLibrary">
<arg>${email_cadastro}</arg>
<arg>well@gmail.com</arg>
<doc>Types the given ``text`` into the text field identified by ``locator``.</doc>
<msg timestamp="20231010 11:37:45.760" level="INFO">Typing text 'well@gmail.com' into text field 'id:email'.</msg>
<status status="PASS" starttime="20231010 11:37:45.760" endtime="20231010 11:37:45.864"/>
</kw>
<kw name="Input Text" library="SeleniumLibrary">
<arg>${senha_cadastro}</arg>
<arg>A1s2d3f4</arg>
<doc>Types the given ``text`` into the text field identified by ``locator``.</doc>
<msg timestamp="20231010 11:37:45.864" level="INFO">Typing text 'A1s2d3f4' into text field 'id:psw'.</msg>
<status status="PASS" starttime="20231010 11:37:45.864" endtime="20231010 11:37:45.955"/>
</kw>
<kw name="Input Text" library="SeleniumLibrary">
<arg>${confirmar_senha_cadastro}</arg>
<arg>A1s2d3f4</arg>
<doc>Types the given ``text`` into the text field identified by ``locator``.</doc>
<msg timestamp="20231010 11:37:45.955" level="INFO">Typing text 'A1s2d3f4' into text field 'id:psw-repeat'.</msg>
<status status="PASS" starttime="20231010 11:37:45.955" endtime="20231010 11:37:46.043"/>
</kw>
<status status="PASS" starttime="20231010 11:37:45.610" endtime="20231010 11:37:46.043"/>
</kw>
<kw name="enviar dados">
<kw name="Click Button" library="SeleniumLibrary">
<arg>${button_submit}</arg>
<doc>Clicks the button identified by ``locator``.</doc>
<msg timestamp="20231010 11:37:46.043" level="INFO">Clicking button '//button[@type='submit']'.</msg>
<status status="PASS" starttime="20231010 11:37:46.043" endtime="20231010 11:37:46.222"/>
</kw>
<status status="PASS" starttime="20231010 11:37:46.043" endtime="20231010 11:37:46.223"/>
</kw>
<kw name="fechar site">
<kw name="Alert Should Be Present" library="SeleniumLibrary">
<doc>Verifies that an alert is present and by default, accepts it.</doc>
<msg timestamp="20231010 11:37:46.225" level="INFO">HANDLE::&lt;class 'NoneType'&gt;::None</msg>
<status status="PASS" starttime="20231010 11:37:46.225" endtime="20231010 11:37:46.229"/>
</kw>
<kw name="Sleep" library="BuiltIn">
<arg>2s</arg>
<doc>Pauses the test executed for the given time.</doc>
<msg timestamp="20231010 11:37:48.229" level="INFO">Slept 2 seconds</msg>
<status status="PASS" starttime="20231010 11:37:46.229" endtime="20231010 11:37:48.229"/>
</kw>
<kw name="Capture Page Screenshot" library="SeleniumLibrary">
<doc>Takes a screenshot of the current page and embeds it into a log file.</doc>
<msg timestamp="20231010 11:37:48.379" level="INFO" html="true">&lt;/td&gt;&lt;/tr&gt;&lt;tr&gt;&lt;td colspan="3"&gt;&lt;a href="selenium-screenshot-1.png"&gt;&lt;img src="selenium-screenshot-1.png" width="800px"&gt;&lt;/a&gt;</msg>
<status status="PASS" starttime="20231010 11:37:48.229" endtime="20231010 11:37:48.379"/>
</kw>
<kw name="Sleep" library="BuiltIn">
<arg>1s</arg>
<doc>Pauses the test executed for the given time.</doc>
<msg timestamp="20231010 11:37:49.380" level="INFO">Slept 1 second</msg>
<status status="PASS" starttime="20231010 11:37:48.379" endtime="20231010 11:37:49.380"/>
</kw>
<kw name="Close Browser" library="SeleniumLibrary">
<doc>Closes the current browser.</doc>
<status status="PASS" starttime="20231010 11:37:49.380" endtime="20231010 11:37:51.526"/>
</kw>
<status status="PASS" starttime="20231010 11:37:46.224" endtime="20231010 11:37:51.526"/>
</kw>
<status status="PASS" starttime="20231010 11:37:43.687" endtime="20231010 11:37:51.527"/>
</test>
<test id="s1-t2" name="Cenário de Teste 2: Cadastro com login não existente" line="38">
<kw name="abrir site">
<kw name="Open Browser" library="SeleniumLibrary">
<arg>http://localhost/MenuUniversitario/register.php</arg>
<arg>gc</arg>
<doc>Opens a new browser instance to the optional ``url``.</doc>
<msg timestamp="20231010 11:37:51.527" level="INFO">Opening browser 'gc' to base url 'http://localhost/MenuUniversitario/register.php'.</msg>
<status status="PASS" starttime="20231010 11:37:51.527" endtime="20231010 11:37:53.285"/>
</kw>
<kw name="Maximize Browser Window" library="SeleniumLibrary">
<doc>Maximizes current browser window.</doc>
<status status="PASS" starttime="20231010 11:37:53.285" endtime="20231010 11:37:53.410"/>
</kw>
<status status="PASS" starttime="20231010 11:37:51.527" endtime="20231010 11:37:53.410"/>
</kw>
<kw name="preencher formulário com informação nova">
<kw name="Input Text" library="SeleniumLibrary">
<arg>${nome_cadastro}</arg>
<arg>Breno Sedrez</arg>
<doc>Types the given ``text`` into the text field identified by ``locator``.</doc>
<msg timestamp="20231010 11:37:53.413" level="INFO">Typing text 'Breno Sedrez' into text field 'id:nome'.</msg>
<status status="PASS" starttime="20231010 11:37:53.413" endtime="20231010 11:37:53.546"/>
</kw>
<kw name="Input Text" library="SeleniumLibrary">
<arg>${email_cadastro}</arg>
<arg>bsr@gmail.com</arg>
<doc>Types the given ``text`` into the text field identified by ``locator``.</doc>
<msg timestamp="20231010 11:37:53.546" level="INFO">Typing text 'bsr@gmail.com' into text field 'id:email'.</msg>
<status status="PASS" starttime="20231010 11:37:53.546" endtime="20231010 11:37:53.655"/>
</kw>
<kw name="Input Text" library="SeleniumLibrary">
<arg>${senha_cadastro}</arg>
<arg>Z1x2c3v4</arg>
<doc>Types the given ``text`` into the text field identified by ``locator``.</doc>
<msg timestamp="20231010 11:37:53.656" level="INFO">Typing text 'Z1x2c3v4' into text field 'id:psw'.</msg>
<status status="PASS" starttime="20231010 11:37:53.655" endtime="20231010 11:37:53.752"/>
</kw>
<kw name="Input Text" library="SeleniumLibrary">
<arg>${confirmar_senha_cadastro}</arg>
<arg>Z1x2c3v4</arg>
<doc>Types the given ``text`` into the text field identified by ``locator``.</doc>
<msg timestamp="20231010 11:37:53.752" level="INFO">Typing text 'Z1x2c3v4' into text field 'id:psw-repeat'.</msg>
<status status="PASS" starttime="20231010 11:37:53.752" endtime="20231010 11:37:53.840"/>
</kw>
<status status="PASS" starttime="20231010 11:37:53.412" endtime="20231010 11:37:53.840"/>
</kw>
<kw name="enviar dados">
<kw name="Click Button" library="SeleniumLibrary">
<arg>${button_submit}</arg>
<doc>Clicks the button identified by ``locator``.</doc>
<msg timestamp="20231010 11:37:53.840" level="INFO">Clicking button '//button[@type='submit']'.</msg>
<status status="PASS" starttime="20231010 11:37:53.840" endtime="20231010 11:37:54.014"/>
</kw>
<status status="PASS" starttime="20231010 11:37:53.840" endtime="20231010 11:37:54.014"/>
</kw>
<kw name="fechar site">
<kw name="Alert Should Be Present" library="SeleniumLibrary">
<doc>Verifies that an alert is present and by default, accepts it.</doc>
<msg timestamp="20231010 11:37:54.015" level="INFO">HANDLE::&lt;class 'NoneType'&gt;::None</msg>
<status status="PASS" starttime="20231010 11:37:54.015" endtime="20231010 11:37:54.029"/>
</kw>
<kw name="Sleep" library="BuiltIn">
<arg>2s</arg>
<doc>Pauses the test executed for the given time.</doc>
<msg timestamp="20231010 11:37:56.031" level="INFO">Slept 2 seconds</msg>
<status status="PASS" starttime="20231010 11:37:54.029" endtime="20231010 11:37:56.031"/>
</kw>
<kw name="Capture Page Screenshot" library="SeleniumLibrary">
<doc>Takes a screenshot of the current page and embeds it into a log file.</doc>
<msg timestamp="20231010 11:37:56.160" level="INFO" html="true">&lt;/td&gt;&lt;/tr&gt;&lt;tr&gt;&lt;td colspan="3"&gt;&lt;a href="selenium-screenshot-2.png"&gt;&lt;img src="selenium-screenshot-2.png" width="800px"&gt;&lt;/a&gt;</msg>
<status status="PASS" starttime="20231010 11:37:56.031" endtime="20231010 11:37:56.160"/>
</kw>
<kw name="Sleep" library="BuiltIn">
<arg>1s</arg>
<doc>Pauses the test executed for the given time.</doc>
<msg timestamp="20231010 11:37:57.160" level="INFO">Slept 1 second</msg>
<status status="PASS" starttime="20231010 11:37:56.160" endtime="20231010 11:37:57.160"/>
</kw>
<kw name="Close Browser" library="SeleniumLibrary">
<doc>Closes the current browser.</doc>
<status status="PASS" starttime="20231010 11:37:57.160" endtime="20231010 11:37:59.334"/>
</kw>
<status status="PASS" starttime="20231010 11:37:54.014" endtime="20231010 11:37:59.334"/>
</kw>
<status status="PASS" starttime="20231010 11:37:51.527" endtime="20231010 11:37:59.334"/>
</test>
<status status="PASS" starttime="20231010 11:37:43.552" endtime="20231010 11:37:59.335"/>
</suite>
<statistics>
<total>
<stat pass="2" fail="0" skip="0">All Tests</stat>
</total>
<tag>
</tag>
<suite>
<stat pass="2" fail="0" skip="0" id="s1" name="Casocadastro">Casocadastro</stat>
</suite>
</statistics>
<errors>
</errors>
</robot>
