<?xml version="1.0" encoding="UTF-8"?>
<robot generator="Robot 6.1.1 (Python 3.11.5 on win32)" generated="20231031 07:52:27.565" rpa="false" schemaversion="4">
<suite id="s1" name="CT1" source="C:\xampp\htdocs\MenuUniversitario\robot\Tests\Cadastro\CT1.robot">
<test id="s1-t1" name="Cenário de Teste 1: Cadastro com login já existente" line="5">
<kw name="abrir site de Cadastro" library="Cadastro_Steps">
<kw name="Open Browser" library="SeleniumLibrary">
<arg>${link_cadastro}</arg>
<arg>${Browser}</arg>
<doc>Opens a new browser instance to the optional ``url``.</doc>
<msg timestamp="20231031 07:52:27.966" level="INFO">Opening browser 'gc' to base url 'http://localhost/MenuUniversitario/register.php'.</msg>
<msg timestamp="20231031 07:52:38.862" level="INFO" html="true">&lt;/td&gt;&lt;/tr&gt;&lt;tr&gt;&lt;td colspan="3"&gt;&lt;a href="selenium-screenshot-2.png"&gt;&lt;img src="selenium-screenshot-2.png" width="800px"&gt;&lt;/a&gt;</msg>
<msg timestamp="20231031 07:52:38.862" level="FAIL">WebDriverException: Message: unknown error: net::ERR_CONNECTION_REFUSED
  (Session info: chrome=118.0.5993.118)
Stacktrace:
	GetHandleVerifier [0x00007FF6EA218EF2+54786]
	(No symbol) [0x00007FF6EA185612]
	(No symbol) [0x00007FF6EA03A64B]
	(No symbol) [0x00007FF6EA0363F3]
	(No symbol) [0x00007FF6EA02971C]
	(No symbol) [0x00007FF6EA02A977]
	(No symbol) [0x00007FF6EA029B13]
	(No symbol) [0x00007FF6EA028B8E]
	(No symbol) [0x00007FF6EA028B33]
	(No symbol) [0x00007FF6EA0273AA]
	(No symbol) [0x00007FF6EA027CA3]
	(No symbol) [0x00007FF6EA03CA5F]
	(No symbol) [0x00007FF6EA0B5077]
	(No symbol) [0x00007FF6EA09BE6A]
	(No symbol) [0x00007FF6EA0B4D02]
	(No symbol) [0x00007FF6EA09BC43]
	(No symbol) [0x00007FF6EA070941]
	(No symbol) [0x00007FF6EA071B84]
	GetHandleVerifier [0x00007FF6EA567F52+3524194]
	GetHandleVerifier [0x00007FF6EA5BD800+3874576]
	GetHandleVerifier [0x00007FF6EA5B5D7F+3843215]
	GetHandleVerifier [0x00007FF6EA2B5086+694166]
	(No symbol) [0x00007FF6EA190A88]
	(No symbol) [0x00007FF6EA18CA94]
	(No symbol) [0x00007FF6EA18CBC2]
	(No symbol) [0x00007FF6EA17CC83]
	BaseThreadInitThunk [0x00007FFE511C26AD+29]
	RtlUserThreadStart [0x00007FFE52E2AA68+40]
</msg>
<status status="FAIL" starttime="20231031 07:52:27.966" endtime="20231031 07:52:39.143"/>
</kw>
<kw name="Maximize Browser Window" library="SeleniumLibrary">
<doc>Maximizes current browser window.</doc>
<status status="NOT RUN" starttime="20231031 07:52:39.143" endtime="20231031 07:52:39.143"/>
</kw>
<status status="FAIL" starttime="20231031 07:52:27.966" endtime="20231031 07:52:39.143"/>
</kw>
<kw name="preencher formulário com informação prévia" library="Cadastro_Steps">
<status status="NOT RUN" starttime="20231031 07:52:39.143" endtime="20231031 07:52:39.143"/>
</kw>
<kw name="enviar dados de Cadastro" library="Cadastro_Steps">
<status status="NOT RUN" starttime="20231031 07:52:39.143" endtime="20231031 07:52:39.143"/>
</kw>
<kw name="fechar site de Cadastro" library="Cadastro_Steps">
<status status="NOT RUN" starttime="20231031 07:52:39.143" endtime="20231031 07:52:39.143"/>
</kw>
<status status="FAIL" starttime="20231031 07:52:27.966" endtime="20231031 07:52:39.143">WebDriverException: Message: unknown error: net::ERR_CONNECTION_REFUSED
  (Session info: chrome=118.0.5993.118)
Stacktrace:
	GetHandleVerifier [0x00007FF6EA218EF2+54786]
	(No symbol) [0x00007FF6EA185612]
	(No symbol) [0x00007FF6EA03A64B]
	(No symbol) [0x00007FF6EA0363F3]
	(No symbol) [0x00007FF6EA02971C]
	(No symbol) [0x00007FF6EA02A977]
	(No symbol) [0x00007FF6EA029B13]
	(No symbol) [0x00007FF6EA028B8E]
	(No symbol) [0x00007FF6EA028B33]
	(No symbol) [0x00007FF6EA0273AA]
	(No symbol) [0x00007FF6EA027CA3]
	(No symbol) [0x00007FF6EA03CA5F]
	(No symbol) [0x00007FF6EA0B5077]
	(No symbol) [0x00007FF6EA09BE6A]
	(No symbol) [0x00007FF6EA0B4D02]
	(No symbol) [0x00007FF6EA09BC43]
	(No symbol) [0x00007FF6EA070941]
	(No symbol) [0x00007FF6EA071B84]
	GetHandleVerifier [0x00007FF6EA567F52+3524194]
	GetHandleVerifier [0x00007FF6EA5BD800+3874576]
	GetHandleVerifier [0x00007FF6EA5B5D7F+3843215]
	GetHandleVerifier [0x00007FF6EA2B5086+694166]
	(No symbol) [0x00007FF6EA190A88]
	(No symbol) [0x00007FF6EA18CA94]
	(No symbol) [0x00007FF6EA18CBC2]
	(No symbol) [0x00007FF6EA17CC83]
	BaseThreadInitThunk [0x00007FFE511C26AD+29]
	RtlUserThreadStart [0x00007FFE52E2AA68+40]
</status>
</test>
<status status="FAIL" starttime="20231031 07:52:27.572" endtime="20231031 07:52:39.151"/>
</suite>
<statistics>
<total>
<stat pass="0" fail="1" skip="0">All Tests</stat>
</total>
<tag>
</tag>
<suite>
<stat pass="0" fail="1" skip="0" id="s1" name="CT1">CT1</stat>
</suite>
</statistics>
<errors>
</errors>
</robot>
