<?xml version="1.0" encoding="UTF-8"?>
<robot generator="Robot 6.1.1 (Python 3.11.5 on win32)" generated="20231011 08:38:55.977" rpa="false" schemaversion="4">
<suite id="s1" name="CT3" source="C:\xampp\htdocs\MenuUniversitario\robot\Tests\Pesquisa\CT3.robot">
<test id="s1-t1" name="Cenário de Teste 3: Pesquisa com filtro de bloco" line="4">
<kw name="abrir site de Pesquisa" library="Pesquisa_Steps">
<kw name="Open Browser" library="SeleniumLibrary">
<arg>${link_pesquisa}</arg>
<arg>${Browser}</arg>
<doc>Opens a new browser instance to the optional ``url``.</doc>
<msg timestamp="20231011 08:38:56.133" level="INFO">Opening browser 'gc' to base url 'http://localhost/MenuUniversitario/pesquisa.php'.</msg>
<status status="PASS" starttime="20231011 08:38:56.133" endtime="20231011 08:38:57.481"/>
</kw>
<kw name="Maximize Browser Window" library="SeleniumLibrary">
<doc>Maximizes current browser window.</doc>
<status status="PASS" starttime="20231011 08:38:57.481" endtime="20231011 08:38:57.601"/>
</kw>
<status status="PASS" starttime="20231011 08:38:56.133" endtime="20231011 08:38:57.601"/>
</kw>
<kw name="selecionar bloco" library="Pesquisa_Steps">
<kw name="Select From List By Value" library="SeleniumLibrary">
<arg>${Pesquisa.filtro_bloco}</arg>
<arg>${n_bloco}</arg>
<doc>Selects options from selection list ``locator`` by ``values``.</doc>
<msg timestamp="20231011 08:38:57.603" level="INFO">Selecting options from selection list '//select[@id='blocos']' by value 2.</msg>
<status status="PASS" starttime="20231011 08:38:57.602" endtime="20231011 08:38:57.690"/>
</kw>
<status status="PASS" starttime="20231011 08:38:57.602" endtime="20231011 08:38:57.690"/>
</kw>
<kw name="buscar" library="Pesquisa_Steps">
<kw name="Click Element" library="SeleniumLibrary">
<arg>${Pesquisa.button_submit_pesquisa}</arg>
<doc>Click the element identified by ``locator``.</doc>
<msg timestamp="20231011 08:38:57.691" level="INFO">Clicking element '//button[@type='submit']'.</msg>
<status status="PASS" starttime="20231011 08:38:57.691" endtime="20231011 08:38:57.867"/>
</kw>
<status status="PASS" starttime="20231011 08:38:57.690" endtime="20231011 08:38:57.867"/>
</kw>
<kw name="tirar Screenshot" library="Pesquisa_Steps">
<kw name="Sleep" library="BuiltIn">
<arg>1s</arg>
<doc>Pauses the test executed for the given time.</doc>
<msg timestamp="20231011 08:38:58.872" level="INFO">Slept 1 second</msg>
<status status="PASS" starttime="20231011 08:38:57.871" endtime="20231011 08:38:58.872"/>
</kw>
<kw name="Capture Page Screenshot" library="SeleniumLibrary">
<doc>Takes a screenshot of the current page and embeds it into a log file.</doc>
<msg timestamp="20231011 08:38:59.018" level="INFO" html="true">&lt;/td&gt;&lt;/tr&gt;&lt;tr&gt;&lt;td colspan="3"&gt;&lt;a href="selenium-screenshot-1.png"&gt;&lt;img src="selenium-screenshot-1.png" width="800px"&gt;&lt;/a&gt;</msg>
<status status="PASS" starttime="20231011 08:38:58.872" endtime="20231011 08:38:59.018"/>
</kw>
<kw name="Sleep" library="BuiltIn">
<arg>1s</arg>
<doc>Pauses the test executed for the given time.</doc>
<msg timestamp="20231011 08:39:00.019" level="INFO">Slept 1 second</msg>
<status status="PASS" starttime="20231011 08:38:59.018" endtime="20231011 08:39:00.019"/>
</kw>
<status status="PASS" starttime="20231011 08:38:57.870" endtime="20231011 08:39:00.019"/>
</kw>
<kw name="fechar site de Pesquisa" library="Pesquisa_Steps">
<kw name="Close Browser" library="SeleniumLibrary">
<doc>Closes the current browser.</doc>
<status status="PASS" starttime="20231011 08:39:00.020" endtime="20231011 08:39:02.174"/>
</kw>
<status status="PASS" starttime="20231011 08:39:00.019" endtime="20231011 08:39:02.174"/>
</kw>
<status status="PASS" starttime="20231011 08:38:56.132" endtime="20231011 08:39:02.175"/>
</test>
<status status="PASS" starttime="20231011 08:38:55.979" endtime="20231011 08:39:02.179"/>
</suite>
<statistics>
<total>
<stat pass="1" fail="0" skip="0">All Tests</stat>
</total>
<tag>
</tag>
<suite>
<stat pass="1" fail="0" skip="0" id="s1" name="CT3">CT3</stat>
</suite>
</statistics>
<errors>
</errors>
</robot>
