<?xml version="1.0" encoding="UTF-8"?>
<robot generator="Robot 6.1.1 (Python 3.11.5 on win32)" generated="20231011 08:35:25.322" rpa="false" schemaversion="4">
<suite id="s1" name="CT2" source="C:\xampp\htdocs\MenuUniversitario\robot\Tests\Login\CT2.robot">
<test id="s1-t1" name="Cenário de Teste 2: Login com informação errada" line="6">
<kw name="abrir site de Login" library="Login_Steps">
<kw name="Open Browser" library="SeleniumLibrary">
<arg>${link_login}</arg>
<arg>${Browser}</arg>
<doc>Opens a new browser instance to the optional ``url``.</doc>
<msg timestamp="20231011 08:35:25.471" level="INFO">Opening browser 'gc' to base url 'http://localhost/MenuUniversitario/login.php'.</msg>
<status status="PASS" starttime="20231011 08:35:25.471" endtime="20231011 08:35:27.292"/>
</kw>
<kw name="Maximize Browser Window" library="SeleniumLibrary">
<doc>Maximizes current browser window.</doc>
<status status="PASS" starttime="20231011 08:35:27.292" endtime="20231011 08:35:27.425"/>
</kw>
<status status="PASS" starttime="20231011 08:35:25.471" endtime="20231011 08:35:27.425"/>
</kw>
<kw name="preencher formulário errado" library="Login_Steps">
<kw name="Input Text" library="SeleniumLibrary">
<arg>${Login.email_login}</arg>
<arg>${emailerrado_login}</arg>
<doc>Types the given ``text`` into the text field identified by ``locator``.</doc>
<msg timestamp="20231011 08:35:27.430" level="INFO">Typing text 'well5@gmail.com' into text field 'id:email'.</msg>
<status status="PASS" starttime="20231011 08:35:27.426" endtime="20231011 08:35:27.601"/>
</kw>
<kw name="Input Text" library="SeleniumLibrary">
<arg>${Login.senha_login}</arg>
<arg>${senhaerrada_login}</arg>
<doc>Types the given ``text`` into the text field identified by ``locator``.</doc>
<msg timestamp="20231011 08:35:27.603" level="INFO">Typing text 'A1s2d3f4.' into text field 'id:password'.</msg>
<status status="PASS" starttime="20231011 08:35:27.601" endtime="20231011 08:35:27.700"/>
</kw>
<status status="PASS" starttime="20231011 08:35:27.426" endtime="20231011 08:35:27.700"/>
</kw>
<kw name="enviar dados de Login" library="Login_Steps">
<kw name="Click Button" library="SeleniumLibrary">
<arg>${Login.button_submit_login}</arg>
<doc>Clicks the button identified by ``locator``.</doc>
<msg timestamp="20231011 08:35:27.700" level="INFO">Clicking button '//button[@type='submit']'.</msg>
<status status="PASS" starttime="20231011 08:35:27.700" endtime="20231011 08:35:27.849"/>
</kw>
<status status="PASS" starttime="20231011 08:35:27.700" endtime="20231011 08:35:27.849"/>
</kw>
<kw name="fechar site de Login" library="Login_Steps">
<kw name="Alert Should Be Present" library="SeleniumLibrary">
<doc>Verifies that an alert is present and by default, accepts it.</doc>
<msg timestamp="20231011 08:35:27.850" level="INFO">HANDLE::&lt;class 'NoneType'&gt;::None</msg>
<status status="PASS" starttime="20231011 08:35:27.850" endtime="20231011 08:35:27.857"/>
</kw>
<kw name="Sleep" library="BuiltIn">
<arg>2s</arg>
<doc>Pauses the test executed for the given time.</doc>
<msg timestamp="20231011 08:35:29.859" level="INFO">Slept 2 seconds</msg>
<status status="PASS" starttime="20231011 08:35:27.857" endtime="20231011 08:35:29.859"/>
</kw>
<kw name="Capture Page Screenshot" library="SeleniumLibrary">
<doc>Takes a screenshot of the current page and embeds it into a log file.</doc>
<msg timestamp="20231011 08:35:29.992" level="INFO" html="true">&lt;/td&gt;&lt;/tr&gt;&lt;tr&gt;&lt;td colspan="3"&gt;&lt;a href="selenium-screenshot-1.png"&gt;&lt;img src="selenium-screenshot-1.png" width="800px"&gt;&lt;/a&gt;</msg>
<status status="PASS" starttime="20231011 08:35:29.860" endtime="20231011 08:35:29.992"/>
</kw>
<kw name="Sleep" library="BuiltIn">
<arg>1s</arg>
<doc>Pauses the test executed for the given time.</doc>
<msg timestamp="20231011 08:35:30.992" level="INFO">Slept 1 second</msg>
<status status="PASS" starttime="20231011 08:35:29.992" endtime="20231011 08:35:30.992"/>
</kw>
<kw name="Close Browser" library="SeleniumLibrary">
<doc>Closes the current browser.</doc>
<status status="PASS" starttime="20231011 08:35:30.992" endtime="20231011 08:35:33.124"/>
</kw>
<status status="PASS" starttime="20231011 08:35:27.850" endtime="20231011 08:35:33.124"/>
</kw>
<status status="PASS" starttime="20231011 08:35:25.471" endtime="20231011 08:35:33.124"/>
</test>
<status status="PASS" starttime="20231011 08:35:25.322" endtime="20231011 08:35:33.126"/>
</suite>
<statistics>
<total>
<stat pass="1" fail="0" skip="0">All Tests</stat>
</total>
<tag>
</tag>
<suite>
<stat pass="1" fail="0" skip="0" id="s1" name="CT2">CT2</stat>
</suite>
</statistics>
<errors>
</errors>
</robot>
